<?xml version="1.0" encoding="UTF-8"?>
<!-- Generated by org.testng.reporters.JUnitReportReporter -->
<testsuite skipped="0" hostname="DESKTOP-BHCQ0KF" name="com.etailpet.qa.testcases.SignUpPageTest" tests="5" failures="0" timestamp="10 Aug 2020 14:58:22 GMT" time="104.147" errors="0">
  <testcase name="SignUpPageTitleTest" time="16.179" classname="com.etailpet.qa.testcases.SignUpPageTest"/>
  <testcase name="SignUpPageImageTest" time="17.969" classname="com.etailpet.qa.testcases.SignUpPageTest"/>
  <testcase name="SignUpTest" time="22.968" classname="com.etailpet.qa.testcases.SignUpPageTest"/>
  <testcase name="SignUpTest" time="22.858" classname="com.etailpet.qa.testcases.SignUpPageTest"/>
  <testcase name="SignUpTest" time="24.173" classname="com.etailpet.qa.testcases.SignUpPageTest"/>
</testsuite> <!-- com.etailpet.qa.testcases.SignUpPageTest -->
