<?xml version="1.0" encoding="UTF-8"?>
<!-- Generated by org.testng.reporters.JUnitReportReporter -->
<testsuite skipped="0" hostname="DESKTOP-BHCQ0KF" name="com.etailpet.qa.testcases.GuestPaymentPageTest" tests="1" failures="0" timestamp="14 Aug 2020 04:05:18 GMT" time="88.917" errors="0">
  <testcase name="VerifyGuestStorePickUpDeliveryPaymentTest" time="88.917" classname="com.etailpet.qa.testcases.GuestPaymentPageTest"/>
</testsuite> <!-- com.etailpet.qa.testcases.GuestPaymentPageTest -->
