<?xml version="1.0" encoding="UTF-8"?>
<!-- Generated by org.testng.reporters.JUnitReportReporter -->
<testsuite skipped="0" hostname="DESKTOP-BHCQ0KF" name="com.etailpet.qa.testcases.GuestShopItemPageTest" tests="1" failures="0" timestamp="23 Jun 2020 03:10:19 GMT" time="50.191" errors="0">
  <testcase name="VerifyGuestSelectProduct" time="50.191" classname="com.etailpet.qa.testcases.GuestShopItemPageTest"/>
</testsuite> <!-- com.etailpet.qa.testcases.GuestShopItemPageTest -->
