<?xml version="1.0" encoding="UTF-8"?>
<!-- Generated by org.testng.reporters.JUnitReportReporter -->
<testsuite skipped="0" hostname="DESKTOP-BHCQ0KF" name="com.etailpet.qa.testcases.CartPageTest" tests="1" failures="0" timestamp="29 May 2020 04:57:11 GMT" time="21.798" errors="0">
  <testcase name="VerifyCartPageTitleTest" time="21.798" classname="com.etailpet.qa.testcases.CartPageTest"/>
</testsuite> <!-- com.etailpet.qa.testcases.CartPageTest -->
