<?xml version="1.0" encoding="UTF-8"?>
<!-- Generated by org.testng.reporters.JUnitReportReporter -->
<testsuite skipped="0" hostname="DESKTOP-BHCQ0KF" name="com.etailpet.qa.testcases.ProductQuantityTest" tests="1" failures="0" timestamp="28 May 2020 04:06:09 GMT" time="66.768" errors="0">
  <testcase name="ProductQuantityTitleTest" time="66.768" classname="com.etailpet.qa.testcases.ProductQuantityTest"/>
</testsuite> <!-- com.etailpet.qa.testcases.ProductQuantityTest -->
