<?xml version="1.0" encoding="UTF-8"?>
<!-- Generated by org.testng.reporters.JUnitReportReporter -->
<testsuite skipped="0" hostname="DESKTOP-BHCQ0KF" name="com.etailpet.qa.testcases.SignInPageTest" tests="3" failures="0" timestamp="10 Aug 2020 14:58:22 GMT" time="72.385" errors="0">
  <testcase name="SigninPageTitleTest" time="31.728" classname="com.etailpet.qa.testcases.SignInPageTest"/>
  <testcase name="etailLogoTest" time="15.801" classname="com.etailpet.qa.testcases.SignInPageTest"/>
  <testcase name="signinTest" time="24.856" classname="com.etailpet.qa.testcases.SignInPageTest"/>
</testsuite> <!-- com.etailpet.qa.testcases.SignInPageTest -->
