<?xml version="1.0" encoding="UTF-8"?>
<!-- Generated by org.testng.reporters.JUnitReportReporter -->
<testsuite skipped="0" hostname="DESKTOP-BHCQ0KF" name="com.etailpet.qa.testcases.ProfilePageTest" tests="1" failures="0" timestamp="29 Sep 2020 03:22:49 GMT" time="11.709" errors="0">
  <testcase name="ExistingAddressValidationTest" time="11.709" classname="com.etailpet.qa.testcases.ProfilePageTest"/>
</testsuite> <!-- com.etailpet.qa.testcases.ProfilePageTest -->
